0 silly input [ 'test' ]
1 silly flags { _: [ 'run' ],
1 silly flags   'reject-cycles': false,
1 silly flags   rejectCycles: false,
1 silly flags   script: 'test',
1 silly flags   args: [] }
2 verbose rootPath /projects/frameworkagnostic/ux
3 info version 2.11.0
4 silly existsSync /projects/frameworkagnostic/ux/VERSION
5 silly initialize attempt
6 silly initialize success
7 silly execute attempt
8 silly runScriptInDir test [] react-button
9 silly getExecOpts { cwd: '/projects/frameworkagnostic/ux/packages/react-button' }
10 error test Errored while running script in '@frameworkagnostic/ux-react-button'
11 error execute callback with error
12 error Error: Command failed: npm run test
12 error PASS src/index.spec.js
12 error   âœ“ hello (2ms)
12 error
12 error Jest: Coverage data for global was not found.
12 error Test Suites: 1 passed, 1 total
12 error Tests:       1 passed, 1 total
12 error Snapshots:   0 total
12 error Time:        1.723s
12 error Ran all test suites matching /|(.*).spec.jsx?$/i.
12 error PASS src/index.spec.js
12 error   âœ“ hello
12 error
12 error Jest did not exit one second after the test run has completed.
12 error
12 error This usually means that there are asynchronous operations that weren't stopped in your tests. Consider running Jest with `--detectOpenHandles` to troubleshoot this issue.
12 error Jest: Coverage data for global was not found.
12 error Test Suites: 1 passed, 1 total
12 error Tests:       1 passed, 1 total
12 error Snapshots:   0 total
12 error Time:        2.008s
12 error Ran all test suites matching /|(.*).spec.jsx?$/i.
12 error npm ERR! code ELIFECYCLE
12 error npm ERR! errno 1
12 error npm ERR! @frameworkagnostic/ux-react-button@0.1.0 test: `DEBUG=*ux* node ./__cicd__/npm-run/test.js`
12 error npm ERR! Exit status 1
12 error npm ERR!
12 error npm ERR! Failed at the @frameworkagnostic/ux-react-button@0.1.0 test script.
12 error npm ERR! This is probably not a problem with npm. There is likely additional logging output above.
12 error
12 error npm ERR! A complete log of this run can be found in:
12 error npm ERR!     /Users/rcmarte/.npm/_logs/2018-06-07T13_26_47_558Z-debug.log
12 error
12 error > @frameworkagnostic/ux-react-button@0.1.0 pretest /projects/frameworkagnostic/ux/packages/react-button
12 error > npm run build
12 error
12 error
12 error > @frameworkagnostic/ux-react-button@0.1.0 build /projects/frameworkagnostic/ux/packages/react-button
12 error > node ./__cicd__/npm-run/build.js
12 error
12 error [?25l[09:26:39] Cleanup build folders [started]
12 error [09:26:39] Cleanup build folders [completed]
12 error [09:26:39] Transpile src folder to lib [started]
12 error src/index.js -> lib/index.js
12 error [09:26:40] Transpile src folder to lib [completed]
12 error [09:26:40] Build webpack bundles [started]
12 error Hash: cd3b3d7eb49042716dc7
12 error Version: webpack 3.12.0
12 error Time: 393ms
12 error          Asset     Size  Chunks             Chunk Names
12 error main.bundle.js  2.51 kB       0  [emitted]  main
12 error    [0] ./src/index.js 13 bytes {0} [built]
12 error [09:26:41] Build webpack bundles [completed]
12 error [?25h[?25h
12 error > @frameworkagnostic/ux-react-button@0.1.0 test /projects/frameworkagnostic/ux/packages/react-button
12 error > DEBUG=*ux* node ./__cicd__/npm-run/test.js
12 error
12 error [?25l[09:26:42] Run Jest Node tests [started]
12 error
12 error =============================== Coverage summary ===============================
12 error Statements   : Unknown% ( 0/0 )
12 error Branches     : Unknown% ( 0/0 )
12 error Functions    : Unknown% ( 0/0 )
12 error Lines        : Unknown% ( 0/0 )
12 error ================================================================================
12 error ----------|----------|----------|----------|----------|-------------------|
12 error File      |  % Stmts | % Branch |  % Funcs |  % Lines | Uncovered Line #s |
12 error ----------|----------|----------|----------|----------|-------------------|
12 error All files |        0 |        0 |        0 |        0 |                   |
12 error ----------|----------|----------|----------|----------|-------------------|
12 error [09:26:44] Run Jest Node tests [completed]
12 error [09:26:44] Run Jest JSDOM tests [started]
12 error
12 error =============================== Coverage summary ===============================
12 error Statements   : Unknown% ( 0/0 )
12 error Branches     : Unknown% ( 0/0 )
12 error Functions    : Unknown% ( 0/0 )
12 error Lines        : Unknown% ( 0/0 )
12 error ================================================================================
12 error ----------|----------|----------|----------|----------|-------------------|
12 error File      |  % Stmts | % Branch |  % Funcs |  % Lines | Uncovered Line #s |
12 error ----------|----------|----------|----------|----------|-------------------|
12 error All files |        0 |        0 |        0 |        0 |                   |
12 error ----------|----------|----------|----------|----------|-------------------|
12 error [09:26:47] Run Jest JSDOM tests [completed]
12 error [?25h[?25h
12 error     at Promise.all.then.arr (/projects/frameworkagnostic/ux/node_modules/lerna/node_modules/execa/index.js:236:11)
12 error     at <anonymous>
